<?xml version="1.0" encoding="UTF-8"?>
<testng-results ignored="0" total="1" passed="1" failed="0" skipped="0">
  <reporter-output>
  </reporter-output>
  <suite started-at="2022-09-20T21:01:01 EDT" name="Default suite" finished-at="2022-09-20T21:01:07 EDT" duration-ms="5971">
    <groups>
    </groups>
    <test started-at="2022-09-20T21:01:01 EDT" name="Default test" finished-at="2022-09-20T21:01:07 EDT" duration-ms="5971">
      <class name="Pages.HomePageTest">
        <test-method is-config="true" signature="setUp()[pri:0, instance:Pages.HomePageTest@5d7148e2]" started-at="2022-09-20T21:01:01 EDT" name="setUp" finished-at="2022-09-20T21:01:06 EDT" duration-ms="5752" status="PASS">
          <reporter-output>
          </reporter-output>
        </test-method> <!-- setUp -->
        <test-method signature="logoTest()[pri:0, instance:Pages.HomePageTest@5d7148e2]" started-at="2022-09-20T21:01:06 EDT" name="logoTest" finished-at="2022-09-20T21:01:06 EDT" duration-ms="67" status="PASS">
          <reporter-output>
          </reporter-output>
        </test-method> <!-- logoTest -->
        <test-method is-config="true" signature="treatUp()[pri:0, instance:Pages.HomePageTest@5d7148e2]" started-at="2022-09-20T21:01:06 EDT" name="treatUp" finished-at="2022-09-20T21:01:07 EDT" duration-ms="128" status="PASS">
          <reporter-output>
          </reporter-output>
        </test-method> <!-- treatUp -->
      </class> <!-- Pages.HomePageTest -->
    </test> <!-- Default test -->
  </suite> <!-- Default suite -->
</testng-results>
